Using pre-set license
Built from '2021.1/staging' branch; Version is '2021.1.18f1 (25bdc3efbc2d) revision 2473411'; Using compiler version '192528614'; Build Type 'Release'
OS: 'Windows 10 Home; OS build 19042.1348; Version 2009; 64bit' Language: 'en' Physical Memory: 8152 MB
BatchMode: 1, IsHumanControllingUs: 0, StartBugReporterOnCrash: 0, Is64bit: 1, IsPro: 0

COMMAND LINE ARGUMENTS:
C:\Program Files\Unity\Hub\Editor\2021.1.18f1\Editor\Unity.exe
-adb2
-batchMode
-noUpm
-name
AssetImportWorker0
-projectPath
C:/Users/ConradS/Documents/AR Basics
-logFile
Logs/AssetImportWorker0.log
-srvPort
62375
Successfully changed project path to: C:/Users/ConradS/Documents/AR Basics
C:/Users/ConradS/Documents/AR Basics
Using Asset Import Pipeline V2.
Refreshing native plugins compatible for Editor in 47.30 ms, found 2 plugins.
Preloading 0 native plugins for Editor in 0.00 ms.
Initialize engine version: 2021.1.18f1 (25bdc3efbc2d)
[Subsystems] Discovering subsystems at path C:/Program Files/Unity/Hub/Editor/2021.1.18f1/Editor/Data/Resources/UnitySubsystems
[Subsystems] Discovering subsystems at path C:/Users/ConradS/Documents/AR Basics/Assets
GfxDevice: creating device client; threaded=0; jobified=0
Direct3D:
    Version:  Direct3D 11.0 [level 11.1]
    Renderer: NVIDIA GeForce GTX 970 (ID=0x13c2)
    Vendor:   NVIDIA
    VRAM:     4043 MB
    Driver:   30.0.14.7196
Initialize mono
Mono path[0] = 'C:/Program Files/Unity/Hub/Editor/2021.1.18f1/Editor/Data/Managed'
Mono path[1] = 'C:/Program Files/Unity/Hub/Editor/2021.1.18f1/Editor/Data/MonoBleedingEdge/lib/mono/unityjit'
Mono config path = 'C:/Program Files/Unity/Hub/Editor/2021.1.18f1/Editor/Data/MonoBleedingEdge/etc'
Using monoOptions --debugger-agent=transport=dt_socket,embedding=1,server=y,suspend=n,address=127.0.0.1:56948
Begin MonoManager ReloadAssembly
Registering precompiled unity dll's ...
Register platform support module: C:/Program Files/Unity/Hub/Editor/2021.1.18f1/Editor/Data/PlaybackEngines/WebGLSupport/UnityEditor.WebGL.Extensions.dll
Register platform support module: C:/Program Files/Unity/Hub/Editor/2021.1.18f1/Editor/Data/PlaybackEngines/WindowsStandaloneSupport/UnityEditor.WindowsStandalone.Extensions.dll
Registered in 0.003053 seconds.
Native extension for WindowsStandalone target not found
Native extension for WebGL target not found
Refreshing native plugins compatible for Editor in 42.57 ms, found 2 plugins.
Preloading 0 native plugins for Editor in 0.00 ms.
Mono: successfully reloaded assembly
- Completed reload, in  2.922 seconds
Domain Reload Profiling:
	ReloadAssembly (2923ms)
		BeginReloadAssembly (89ms)
			ExecutionOrderSort (0ms)
			DisableScriptedObjects (0ms)
			BackupInstance (0ms)
			ReleaseScriptingObjects (0ms)
			CreateAndSetChildDomain (1ms)
		EndReloadAssembly (705ms)
			LoadAssemblies (87ms)
			RebuildTransferFunctionScriptingTraits (0ms)
			SetupTypeCache (197ms)
			ReleaseScriptCaches (0ms)
			RebuildScriptCaches (31ms)
			SetupLoadedEditorAssemblies (265ms)
				LogAssemblyErrors (0ms)
				InitializePlatformSupportModulesInManaged (8ms)
				SetLoadedEditorAssemblies (0ms)
				RefreshPlugins (43ms)
				BeforeProcessingInitializeOnLoad (2ms)
				ProcessInitializeOnLoadAttributes (177ms)
				ProcessInitializeOnLoadMethodAttributes (35ms)
				AfterProcessingInitializeOnLoad (0ms)
				EditorAssembliesLoaded (0ms)
			ExecutionOrderSort2 (0ms)
			AwakeInstancesAfterBackupRestoration (0ms)
Platform modules already initialized, skipping
Registering precompiled user dll's ...
Registered in 0.005887 seconds.
Begin MonoManager ReloadAssembly
Native extension for WindowsStandalone target not found
Native extension for WebGL target not found
Refreshing native plugins compatible for Editor in 0.36 ms, found 2 plugins.
Preloading 0 native plugins for Editor in 0.00 ms.
Mono: successfully reloaded assembly
- Completed reload, in  2.365 seconds
Domain Reload Profiling:
	ReloadAssembly (2366ms)
		BeginReloadAssembly (205ms)
			ExecutionOrderSort (0ms)
			DisableScriptedObjects (5ms)
			BackupInstance (0ms)
			ReleaseScriptingObjects (0ms)
			CreateAndSetChildDomain (24ms)
		EndReloadAssembly (2082ms)
			LoadAssemblies (124ms)
			RebuildTransferFunctionScriptingTraits (0ms)
			SetupTypeCache (386ms)
			ReleaseScriptCaches (0ms)
			RebuildScriptCaches (69ms)
			SetupLoadedEditorAssemblies (1348ms)
				LogAssemblyErrors (0ms)
				InitializePlatformSupportModulesInManaged (6ms)
				SetLoadedEditorAssemblies (0ms)
				RefreshPlugins (0ms)
				BeforeProcessingInitializeOnLoad (75ms)
				ProcessInitializeOnLoadAttributes (1252ms)
				ProcessInitializeOnLoadMethodAttributes (4ms)
				AfterProcessingInitializeOnLoad (9ms)
				EditorAssembliesLoaded (0ms)
			ExecutionOrderSort2 (0ms)
			AwakeInstancesAfterBackupRestoration (8ms)
Platform modules already initialized, skipping
========================================================================
Worker process is ready to serve import requests
Launched and connected shader compiler UnityShaderCompiler.exe after 2.44 seconds
Refreshing native plugins compatible for Editor in 0.47 ms, found 2 plugins.
Preloading 0 native plugins for Editor in 0.00 ms.
Unloading 1757 Unused Serialized files (Serialized files now loaded: 0)
System memory in use before: 78.2 MB.
System memory in use after: 78.3 MB.

Unloading 20 unused Assets to reduce memory usage. Loaded Objects now: 2205.
Total: 3.323500 ms (FindLiveObjects: 0.165000 ms CreateObjectMapping: 0.088200 ms MarkObjects: 2.938900 ms  DeleteObjects: 0.130600 ms)

AssetImportParameters requested are different than current active one (requested -> active):
  custom:framework-win-MediaFoundation: 216162199b28c13a410421893ffa2e32 -> 
  custom:video-decoder-ogg-theora: a1e56fd34408186e4bbccfd4996cb3dc -> 
  custom:container-muxer-webm: aa71ff27fc2769a1b78a27578f13a17b -> 
  custom:container-demuxer-webm: 4f35f7cbe854078d1ac9338744f61a02 -> 
  custom:container-demuxer-ogg: 62fdf1f143b41e24485cea50d1cbac27 -> 
  custom:video-encoder-webm-vp8: eb34c28f22e8b96e1ab97ce403110664 -> 
  custom:video-codec-MediaFoundation-h265: 746d11721c4dcdbdad8f713fa42b33f4 -> 
  custom:video-decoder-webm-vp8: 9c59270c3fd7afecdb556c50c9e8de78 -> 
  custom:audio-decoder-ogg-vorbis: bf7c407c2cedff20999df2af8eb42d56 -> 
  custom:audio-encoder-webm-vorbis: bf7c407c2cedff20999df2af8eb42d56 -> 
========================================================================
Received Import Request.
  path: Assets/Unity AR Video Links.txt
  artifactKey: Guid(a86e6720db0d4b447ad33770945b6844) Importer(815301076,1909f56bfc062723c751e8b465ee728b)
Start importing Assets/Unity AR Video Links.txt using Guid(a86e6720db0d4b447ad33770945b6844) Importer(815301076,1909f56bfc062723c751e8b465ee728b)  -> (artifact id: '2ac2bb1cc9b8b01b59b0f83608c2c9da') in 5.521394 seconds 
========================================================================
Received Import Request.
  Time since last request: 1134.293788 seconds.
  path: Assets/AR Default Plane.prefab
  artifactKey: Guid(429134b7354ceea4eabf7e8f40bde1f2) Importer(815301076,1909f56bfc062723c751e8b465ee728b)
Start importing Assets/AR Default Plane.prefab using Guid(429134b7354ceea4eabf7e8f40bde1f2) Importer(815301076,1909f56bfc062723c751e8b465ee728b)  -> (artifact id: 'a6a5a452c2ba5dd91e17cbfea12ad239') in 0.198041 seconds 
========================================================================
Received Prepare
Refreshing native plugins compatible for Editor in 3.52 ms, found 2 plugins.
Preloading 0 native plugins for Editor in 0.00 ms.
Unloading 13 Unused Serialized files (Serialized files now loaded: 0)
System memory in use before: 47.2 MB.
System memory in use after: 47.3 MB.

Unloading 11 unused Assets to reduce memory usage. Loaded Objects now: 2213.
Total: 4.428600 ms (FindLiveObjects: 0.142000 ms CreateObjectMapping: 0.062500 ms MarkObjects: 4.164000 ms  DeleteObjects: 0.059000 ms)

AssetImportParameters requested are different than current active one (requested -> active):
  custom:framework-win-MediaFoundation: 216162199b28c13a410421893ffa2e32 -> 
  custom:video-decoder-ogg-theora: a1e56fd34408186e4bbccfd4996cb3dc -> 
  custom:container-muxer-webm: aa71ff27fc2769a1b78a27578f13a17b -> 
  custom:container-demuxer-webm: 4f35f7cbe854078d1ac9338744f61a02 -> 
  custom:container-demuxer-ogg: 62fdf1f143b41e24485cea50d1cbac27 -> 
  custom:video-encoder-webm-vp8: eb34c28f22e8b96e1ab97ce403110664 -> 
  custom:video-codec-MediaFoundation-h265: 746d11721c4dcdbdad8f713fa42b33f4 -> 
  custom:video-decoder-webm-vp8: 9c59270c3fd7afecdb556c50c9e8de78 -> 
  custom:audio-decoder-ogg-vorbis: bf7c407c2cedff20999df2af8eb42d56 -> 
  custom:audio-encoder-webm-vorbis: bf7c407c2cedff20999df2af8eb42d56 -> 
========================================================================
Received Import Request.
  Time since last request: 856.867662 seconds.
  path: Assets/Locus.png
  artifactKey: Guid(8a9b917356bd9fd4096c4dec18569861) Importer(815301076,1909f56bfc062723c751e8b465ee728b)
Start importing Assets/Locus.png using Guid(8a9b917356bd9fd4096c4dec18569861) Importer(815301076,1909f56bfc062723c751e8b465ee728b)  -> (artifact id: 'f964c8d979c22c8c426a79f75516e287') in 0.175185 seconds 
========================================================================
Received Import Request.
  Time since last request: 30.937196 seconds.
  path: Assets/Locus.png
  artifactKey: Guid(8a9b917356bd9fd4096c4dec18569861) Importer(815301076,1909f56bfc062723c751e8b465ee728b)
Start importing Assets/Locus.png using Guid(8a9b917356bd9fd4096c4dec18569861) Importer(815301076,1909f56bfc062723c751e8b465ee728b)  -> (artifact id: '8a8259320cf51327754cd153ae244e37') in 0.131943 seconds 
========================================================================
Received Import Request.
  Time since last request: 28.140336 seconds.
  path: Assets/PlacementMaterial.mat
  artifactKey: Guid(9a41be82fa0e11648841a4f6e4b418cb) Importer(815301076,1909f56bfc062723c751e8b465ee728b)
Start importing Assets/PlacementMaterial.mat using Guid(9a41be82fa0e11648841a4f6e4b418cb) Importer(815301076,1909f56bfc062723c751e8b465ee728b)  -> (artifact id: 'c46148ee901e7aeccd9e6c477eb829a7') in 0.114452 seconds 
========================================================================
Received Import Request.
  Time since last request: 15.225320 seconds.
  path: Assets/PlacementIndicator.mat
  artifactKey: Guid(9a41be82fa0e11648841a4f6e4b418cb) Importer(815301076,1909f56bfc062723c751e8b465ee728b)
Start importing Assets/PlacementIndicator.mat using Guid(9a41be82fa0e11648841a4f6e4b418cb) Importer(815301076,1909f56bfc062723c751e8b465ee728b)  -> (artifact id: 'd53059fa1cbb98d9997dd4de69e9e7ab') in 0.025437 seconds 
========================================================================
Received Import Request.
  Time since last request: 12.401758 seconds.
  path: Assets/Materials
  artifactKey: Guid(6ef683e07f5f8d34a989953797e50de7) Importer(815301076,1909f56bfc062723c751e8b465ee728b)
Start importing Assets/Materials using Guid(6ef683e07f5f8d34a989953797e50de7) Importer(815301076,1909f56bfc062723c751e8b465ee728b)  -> (artifact id: '664d01a755fdc15f571444f587778b35') in 0.011252 seconds 
========================================================================
Received Import Request.
  Time since last request: 393.231687 seconds.
  path: Assets/PlacementIndicator.cs
  artifactKey: Guid(c2c5e6b01ab61cd4d9b867fefe817630) Importer(815301076,1909f56bfc062723c751e8b465ee728b)
Start importing Assets/PlacementIndicator.cs using Guid(c2c5e6b01ab61cd4d9b867fefe817630) Importer(815301076,1909f56bfc062723c751e8b465ee728b)  -> (artifact id: '8717bc7e22740ce23efdbfca565e96ec') in 0.251474 seconds 
========================================================================
Received Prepare
Registering precompiled user dll's ...
Registered in 0.137959 seconds.
Begin MonoManager ReloadAssembly
Native extension for WindowsStandalone target not found
Native extension for WebGL target not found
Refreshing native plugins compatible for Editor in 0.36 ms, found 2 plugins.
Preloading 0 native plugins for Editor in 0.00 ms.
Mono: successfully reloaded assembly
- Completed reload, in  3.795 seconds
Domain Reload Profiling:
	ReloadAssembly (3796ms)
		BeginReloadAssembly (1311ms)
			ExecutionOrderSort (0ms)
			DisableScriptedObjects (5ms)
			BackupInstance (0ms)
			ReleaseScriptingObjects (0ms)
			CreateAndSetChildDomain (49ms)
		EndReloadAssembly (2411ms)
			LoadAssemblies (2280ms)
			RebuildTransferFunctionScriptingTraits (0ms)
			SetupTypeCache (351ms)
			ReleaseScriptCaches (1ms)
			RebuildScriptCaches (49ms)
			SetupLoadedEditorAssemblies (505ms)
				LogAssemblyErrors (0ms)
				InitializePlatformSupportModulesInManaged (22ms)
				SetLoadedEditorAssemblies (0ms)
				RefreshPlugins (0ms)
				BeforeProcessingInitializeOnLoad (85ms)
				ProcessInitializeOnLoadAttributes (383ms)
				ProcessInitializeOnLoadMethodAttributes (4ms)
				AfterProcessingInitializeOnLoad (10ms)
				EditorAssembliesLoaded (0ms)
			ExecutionOrderSort2 (0ms)
			AwakeInstancesAfterBackupRestoration (32ms)
Platform modules already initialized, skipping
Switching build target platform(19) subTarget(0) extendedPlatform(0) -> platform(13) subTarget(589824) extendedPlatform(0)
Refreshing native plugins compatible for Editor in 0.54 ms, found 2 plugins.
Preloading 0 native plugins for Editor in 0.00 ms.
Unloading 1752 Unused Serialized files (Serialized files now loaded: 0)
System memory in use before: 82.9 MB.
System memory in use after: 83.0 MB.

Unloading 14 unused Assets to reduce memory usage. Loaded Objects now: 2280.
Total: 3.393800 ms (FindLiveObjects: 0.142300 ms CreateObjectMapping: 0.061600 ms MarkObjects: 3.147700 ms  DeleteObjects: 0.040900 ms)

AssetImportParameters requested are different than current active one (requested -> active):
  custom:framework-win-MediaFoundation: 216162199b28c13a410421893ffa2e32 -> 
  custom:video-decoder-ogg-theora: a1e56fd34408186e4bbccfd4996cb3dc -> 
  custom:container-muxer-webm: aa71ff27fc2769a1b78a27578f13a17b -> 
  custom:container-demuxer-webm: 4f35f7cbe854078d1ac9338744f61a02 -> 
  custom:container-demuxer-ogg: 62fdf1f143b41e24485cea50d1cbac27 -> 
  custom:video-encoder-webm-vp8: eb34c28f22e8b96e1ab97ce403110664 -> 
  custom:video-codec-MediaFoundation-h265: 746d11721c4dcdbdad8f713fa42b33f4 -> 
  custom:video-decoder-webm-vp8: 9c59270c3fd7afecdb556c50c9e8de78 -> 
  custom:graphics/normal-map-encoding: 01000000000000000000000000000000 -> 02000000000000000000000000000000
  custom:audio-decoder-ogg-vorbis: bf7c407c2cedff20999df2af8eb42d56 -> 
  custom:audio-encoder-webm-vorbis: bf7c407c2cedff20999df2af8eb42d56 -> 
========================================================================
Received Prepare
Registering precompiled user dll's ...
Registered in 0.079780 seconds.
Begin MonoManager ReloadAssembly
Native extension for WindowsStandalone target not found
Native extension for WebGL target not found
Refreshing native plugins compatible for Editor in 0.36 ms, found 2 plugins.
Preloading 0 native plugins for Editor in 0.00 ms.
Mono: successfully reloaded assembly
- Completed reload, in  1.407 seconds
Domain Reload Profiling:
	ReloadAssembly (1408ms)
		BeginReloadAssembly (146ms)
			ExecutionOrderSort (0ms)
			DisableScriptedObjects (6ms)
			BackupInstance (0ms)
			ReleaseScriptingObjects (0ms)
			CreateAndSetChildDomain (41ms)
		EndReloadAssembly (1190ms)
			LoadAssemblies (118ms)
			RebuildTransferFunctionScriptingTraits (0ms)
			SetupTypeCache (338ms)
			ReleaseScriptCaches (1ms)
			RebuildScriptCaches (51ms)
			SetupLoadedEditorAssemblies (544ms)
				LogAssemblyErrors (0ms)
				InitializePlatformSupportModulesInManaged (7ms)
				SetLoadedEditorAssemblies (0ms)
				RefreshPlugins (0ms)
				BeforeProcessingInitializeOnLoad (80ms)
				ProcessInitializeOnLoadAttributes (443ms)
				ProcessInitializeOnLoadMethodAttributes (5ms)
				AfterProcessingInitializeOnLoad (9ms)
				EditorAssembliesLoaded (0ms)
			ExecutionOrderSort2 (0ms)
			AwakeInstancesAfterBackupRestoration (17ms)
Platform modules already initialized, skipping
Switching build target platform(19) subTarget(0) extendedPlatform(0) -> platform(13) subTarget(589824) extendedPlatform(0)
Refreshing native plugins compatible for Editor in 0.35 ms, found 2 plugins.
Preloading 0 native plugins for Editor in 0.00 ms.
Unloading 1751 Unused Serialized files (Serialized files now loaded: 0)
System memory in use before: 82.9 MB.
System memory in use after: 83.0 MB.

Unloading 14 unused Assets to reduce memory usage. Loaded Objects now: 2283.
Total: 3.038400 ms (FindLiveObjects: 0.160300 ms CreateObjectMapping: 0.060400 ms MarkObjects: 2.772000 ms  DeleteObjects: 0.044800 ms)

AssetImportParameters requested are different than current active one (requested -> active):
  custom:framework-win-MediaFoundation: 216162199b28c13a410421893ffa2e32 -> 
  custom:video-decoder-ogg-theora: a1e56fd34408186e4bbccfd4996cb3dc -> 
  custom:container-muxer-webm: aa71ff27fc2769a1b78a27578f13a17b -> 
  custom:container-demuxer-webm: 4f35f7cbe854078d1ac9338744f61a02 -> 
  custom:container-demuxer-ogg: 62fdf1f143b41e24485cea50d1cbac27 -> 
  custom:video-encoder-webm-vp8: eb34c28f22e8b96e1ab97ce403110664 -> 
  custom:video-codec-MediaFoundation-h265: 746d11721c4dcdbdad8f713fa42b33f4 -> 
  custom:video-decoder-webm-vp8: 9c59270c3fd7afecdb556c50c9e8de78 -> 
  custom:graphics/normal-map-encoding: 01000000000000000000000000000000 -> 02000000000000000000000000000000
  custom:audio-decoder-ogg-vorbis: bf7c407c2cedff20999df2af8eb42d56 -> 
  custom:audio-encoder-webm-vorbis: bf7c407c2cedff20999df2af8eb42d56 -> 
========================================================================
Received Import Request.
  Time since last request: 2270.205430 seconds.
  path: Assets/PlacementIndicator.mat
  artifactKey: Guid(9a41be82fa0e11648841a4f6e4b418cb) Importer(815301076,1909f56bfc062723c751e8b465ee728b)
Start importing Assets/PlacementIndicator.mat using Guid(9a41be82fa0e11648841a4f6e4b418cb) Importer(815301076,1909f56bfc062723c751e8b465ee728b)  -> (artifact id: '6591d41fa8bd95ea6f2867444fdd6cb2') in 0.114755 seconds 
========================================================================
Received Prepare
Refreshing native plugins compatible for Editor in 3.54 ms, found 2 plugins.
Preloading 0 native plugins for Editor in 0.00 ms.
Unloading 12 Unused Serialized files (Serialized files now loaded: 0)
System memory in use before: 48.4 MB.
System memory in use after: 48.5 MB.

Unloading 11 unused Assets to reduce memory usage. Loaded Objects now: 2285.
Total: 7.671900 ms (FindLiveObjects: 0.137000 ms CreateObjectMapping: 0.063700 ms MarkObjects: 7.451400 ms  DeleteObjects: 0.018400 ms)

AssetImportParameters requested are different than current active one (requested -> active):
  custom:framework-win-MediaFoundation: 216162199b28c13a410421893ffa2e32 -> 
  custom:video-decoder-ogg-theora: a1e56fd34408186e4bbccfd4996cb3dc -> 
  custom:container-muxer-webm: aa71ff27fc2769a1b78a27578f13a17b -> 
  custom:container-demuxer-webm: 4f35f7cbe854078d1ac9338744f61a02 -> 
  custom:container-demuxer-ogg: 62fdf1f143b41e24485cea50d1cbac27 -> 
  custom:video-encoder-webm-vp8: eb34c28f22e8b96e1ab97ce403110664 -> 
  custom:video-codec-MediaFoundation-h265: 746d11721c4dcdbdad8f713fa42b33f4 -> 
  custom:video-decoder-webm-vp8: 9c59270c3fd7afecdb556c50c9e8de78 -> 
  custom:audio-decoder-ogg-vorbis: bf7c407c2cedff20999df2af8eb42d56 -> 
  custom:audio-encoder-webm-vorbis: bf7c407c2cedff20999df2af8eb42d56 -> 
========================================================================
Received Import Request.
  Time since last request: 190.057463 seconds.
  path: Assets/PlacementIndicator.cs
  artifactKey: Guid(c2c5e6b01ab61cd4d9b867fefe817630) Importer(815301076,1909f56bfc062723c751e8b465ee728b)
Start importing Assets/PlacementIndicator.cs using Guid(c2c5e6b01ab61cd4d9b867fefe817630) Importer(815301076,1909f56bfc062723c751e8b465ee728b)  -> (artifact id: 'd015cb59acf80a4e952dcb214dddbeb5') in 0.018186 seconds 
========================================================================
Received Import Request.
  Time since last request: 266.514214 seconds.
  path: Assets/Scenes
  artifactKey: Guid(020a1a39d43097c48aaf36d0ae34261e) Importer(815301076,1909f56bfc062723c751e8b465ee728b)
Start importing Assets/Scenes using Guid(020a1a39d43097c48aaf36d0ae34261e) Importer(815301076,1909f56bfc062723c751e8b465ee728b)  -> (artifact id: '6ac3b887e72274e8ccf664bb65c2fc59') in 0.020779 seconds 
========================================================================
Received Import Request.
  Time since last request: 0.579752 seconds.
  path: Assets/Materials/Locus.mat
  artifactKey: Guid(3110e00c296bc934886d6d1572bd246c) Importer(815301076,1909f56bfc062723c751e8b465ee728b)
Start importing Assets/Materials/Locus.mat using Guid(3110e00c296bc934886d6d1572bd246c) Importer(815301076,1909f56bfc062723c751e8b465ee728b)  -> (artifact id: '375762c6560d35623872ebbded162c05') in 0.064932 seconds 
========================================================================
Received Import Request.
  Time since last request: 1737.036264 seconds.
  path: Assets/Materials/Debug Plane Material.mat
  artifactKey: Guid(b2a63893d28912c49813e740d684ce54) Importer(815301076,1909f56bfc062723c751e8b465ee728b)
Start importing Assets/Materials/Debug Plane Material.mat using Guid(b2a63893d28912c49813e740d684ce54) Importer(815301076,1909f56bfc062723c751e8b465ee728b)  -> (artifact id: '26786ecc12853190a1b9d113c5d50558') in 0.055010 seconds 
AssetImportWorkerClient::OnTransportError - code=2 error=End of file
